<?xml version="1.0" encoding="UTF-8"?>
<testsuite xmlns:xsi="http://www.w3.org/2001/XMLSchema-instance" xsi:noNamespaceSchemaLocation="https://maven.apache.org/surefire/maven-surefire-plugin/xsd/surefire-test-report.xsd" name="com.learn.customersvc.SpringBootKubernetesAppApplicationTests" time="9.73" tests="4" errors="0" skipped="0" failures="2">
  <properties>
[...]
</properties>
  <testcase name="shouldUpdateCustomerSuccessfully" classname="com.learn.customersvc.SpringBootKubernetesAppApplicationTests" time="0.435"/>
  <testcase name="shouldGetBookmarks{int, int, int, int, boolean, boolean, boolean, boolean}[1]" classname="com.learn.customersvc.SpringBootKubernetesAppApplicationTests" time="0.196">
    <failure message="JSON path &quot;$.totalNumberOfElements&quot;&#10;Expected: &lt;8&gt;&#10;     but: was &lt;3&gt;" type="java.lang.AssertionError"><![CDATA[java.lang.AssertionError: 
JSON path "$.totalNumberOfElements"
Expected: <8>
     but: was <3>
	at com.learn.customersvc.SpringBootKubernetesAppApplicationTests.shouldGetBookmarks(SpringBootKubernetesAppApplicationTests.java:140)
]]></failure>
    <system-out><![CDATA[
MockHttpServletRequest:
      HTTP Method = GET
      Request URI = /api-customer/v1/customer/list
       Parameters = {page=[1]}
          Headers = []
             Body = null
    Session Attrs = {}

Handler:
             Type = com.learn.customersvc.controller.CustomerController
           Method = com.learn.customersvc.controller.CustomerController#findAllCustomers(String, String, Pageable)

Async:
    Async started = false
     Async result = null

Resolved Exception:
             Type = null

ModelAndView:
        View name = null
             View = null
            Model = null

FlashMap:
       Attributes = null

MockHttpServletResponse:
           Status = 200
    Error message = null
          Headers = [customer-api-version:"2020-12-29", X-api-key:""TEST-API"", Content-Type:"application/json"]
     Content type = application/json
             Body = {"data":[{"customerId":6,"givenName":"sekar","surName":"santhosh","dob":"2023-01-24","gender":"FEMALE"},{"customerId":7,"givenName":"sekar","surName":"santhosh","dob":"2023-01-24","gender":"FEMALE"},{"customerId":8,"givenName":"sekar","surName":"santhosh","dob":"2023-01-24","gender":"FEMALE"}],"totalNumberOfElements":3,"totalPages":1,"currentPage":1,"hasNext":false,"hasPrevious":false,"isFirst":true,"isLast":true}
    Forwarded URL = null
   Redirected URL = null
          Cookies = []

MockHttpServletRequest:
      HTTP Method = GET
      Request URI = /api-customer/v1/customer/list
       Parameters = {page=[1]}
          Headers = []
             Body = null
    Session Attrs = {}

Handler:
             Type = com.learn.customersvc.controller.CustomerController
           Method = com.learn.customersvc.controller.CustomerController#findAllCustomers(String, String, Pageable)

Async:
    Async started = false
     Async result = null

Resolved Exception:
             Type = null

ModelAndView:
        View name = null
             View = null
            Model = null

FlashMap:
       Attributes = null

MockHttpServletResponse:
           Status = 200
    Error message = null
          Headers = [customer-api-version:"2020-12-29", X-api-key:""TEST-API"", Content-Type:"application/json"]
     Content type = application/json
             Body = {"data":[{"customerId":6,"givenName":"sekar","surName":"santhosh","dob":"2023-01-24","gender":"FEMALE"},{"customerId":7,"givenName":"sekar","surName":"santhosh","dob":"2023-01-24","gender":"FEMALE"},{"customerId":8,"givenName":"sekar","surName":"santhosh","dob":"2023-01-24","gender":"FEMALE"}],"totalNumberOfElements":3,"totalPages":1,"currentPage":1,"hasNext":false,"hasPrevious":false,"isFirst":true,"isLast":true}
    Forwarded URL = null
   Redirected URL = null
          Cookies = []
]]></system-out>
  </testcase>
  <testcase name="shouldCreateCustomerSuccessfully" classname="com.learn.customersvc.SpringBootKubernetesAppApplicationTests" time="0.069"/>
  <testcase name="shouldGetCustomerSuccessfully" classname="com.learn.customersvc.SpringBootKubernetesAppApplicationTests" time="0.052">
    <failure message="Range for response status value 404 expected:&lt;SUCCESSFUL&gt; but was:&lt;CLIENT_ERROR&gt;" type="java.lang.AssertionError"><![CDATA[java.lang.AssertionError: Range for response status value 404 expected:<SUCCESSFUL> but was:<CLIENT_ERROR>
	at com.learn.customersvc.SpringBootKubernetesAppApplicationTests.shouldGetCustomerSuccessfully(SpringBootKubernetesAppApplicationTests.java:119)
]]></failure>
    <system-out><![CDATA[
MockHttpServletRequest:
      HTTP Method = GET
      Request URI = /api-customer/v1/customer/6
       Parameters = {}
          Headers = []
             Body = null
    Session Attrs = {}

Handler:
             Type = com.learn.customersvc.controller.CustomerController
           Method = com.learn.customersvc.controller.CustomerController#findById(String, String, Long)

Async:
    Async started = false
     Async result = null

Resolved Exception:
             Type = com.learn.customersvc.exception.CustomerNotFoundException

ModelAndView:
        View name = null
             View = null
            Model = null

FlashMap:
       Attributes = null

MockHttpServletResponse:
           Status = 404
    Error message = null
          Headers = [Content-Type:"application/json"]
     Content type = application/json
             Body = {"errors":{"timestamp":"2023-01-24T14:34:42.4579069","details":"Customer id=6 not found"}}
    Forwarded URL = null
   Redirected URL = null
          Cookies = []

MockHttpServletRequest:
      HTTP Method = GET
      Request URI = /api-customer/v1/customer/6
       Parameters = {}
          Headers = []
             Body = null
    Session Attrs = {}

Handler:
             Type = com.learn.customersvc.controller.CustomerController
           Method = com.learn.customersvc.controller.CustomerController#findById(String, String, Long)

Async:
    Async started = false
     Async result = null

Resolved Exception:
             Type = com.learn.customersvc.exception.CustomerNotFoundException

ModelAndView:
        View name = null
             View = null
            Model = null

FlashMap:
       Attributes = null

MockHttpServletResponse:
           Status = 404
    Error message = null
          Headers = [Content-Type:"application/json"]
     Content type = application/json
             Body = {"errors":{"timestamp":"2023-01-24T14:34:42.4579069","details":"Customer id=6 not found"}}
    Forwarded URL = null
   Redirected URL = null
          Cookies = []
]]></system-out>
  </testcase>
</testsuite>